===2018-10-08 15:18:56.250 INFO  com.order.extention.OrderExtentionApplicationTests Line:50  - Starting OrderExtentionApplicationTests on DESKTOP-SJ98RT1 with PID 45948 (started by z in D:\ccz\workspace\order-extention)
===2018-10-08 15:18:56.252 INFO  com.order.extention.OrderExtentionApplicationTests Line:684 - The following profiles are active: dev
===2018-10-08 15:18:56.311 INFO  org.springframework.web.context.support.GenericWebApplicationContext Line:590 - Refreshing org.springframework.web.context.support.GenericWebApplicationContext@560348e6: startup date [Mon Oct 08 15:18:56 CST 2018]; root of context hierarchy
===2018-10-08 15:18:57.407 INFO  org.springframework.data.repository.config.RepositoryConfigurationDelegate Line:172 - Multiple Spring Data modules found, entering strict repository configuration mode!
===2018-10-08 15:18:57.994 INFO  org.springframework.context.support.PostProcessorRegistrationDelegate$BeanPostProcessorChecker Line:326 - Bean 'org.springframework.transaction.annotation.ProxyTransactionManagementConfiguration' of type [org.springframework.transaction.annotation.ProxyTransactionManagementConfiguration$$EnhancerBySpringCGLIB$$88982566] is not eligible for getting processed by all BeanPostProcessors (for example: not eligible for auto-proxying)
===2018-10-08 15:18:59.294 INFO  org.springframework.web.servlet.mvc.method.annotation.RequestMappingHandlerMapping Line:549 - Mapped "{[/order/getOrderCount],methods=[GET]}" onto public java.lang.Integer com.order.extention.api.OrderController.getOrderCount()
===2018-10-08 15:18:59.295 INFO  org.springframework.web.servlet.mvc.method.annotation.RequestMappingHandlerMapping Line:549 - Mapped "{[/order/getOrderList],methods=[GET]}" onto public java.util.List<java.util.Map> com.order.extention.api.OrderController.getOrderList()
===2018-10-08 15:18:59.298 INFO  org.springframework.web.servlet.mvc.method.annotation.RequestMappingHandlerMapping Line:549 - Mapped "{[/v2/api-docs],methods=[GET],produces=[application/json || application/hal+json]}" onto public org.springframework.http.ResponseEntity<springfox.documentation.spring.web.json.Json> springfox.documentation.swagger2.web.Swagger2Controller.getDocumentation(java.lang.String,javax.servlet.http.HttpServletRequest)
===2018-10-08 15:18:59.301 INFO  org.springframework.web.servlet.mvc.method.annotation.RequestMappingHandlerMapping Line:549 - Mapped "{[/swagger-resources/configuration/ui]}" onto org.springframework.http.ResponseEntity<springfox.documentation.swagger.web.UiConfiguration> springfox.documentation.swagger.web.ApiResourceController.uiConfiguration()
===2018-10-08 15:18:59.302 INFO  org.springframework.web.servlet.mvc.method.annotation.RequestMappingHandlerMapping Line:549 - Mapped "{[/swagger-resources]}" onto org.springframework.http.ResponseEntity<java.util.List<springfox.documentation.swagger.web.SwaggerResource>> springfox.documentation.swagger.web.ApiResourceController.swaggerResources()
===2018-10-08 15:18:59.303 INFO  org.springframework.web.servlet.mvc.method.annotation.RequestMappingHandlerMapping Line:549 - Mapped "{[/swagger-resources/configuration/security]}" onto org.springframework.http.ResponseEntity<springfox.documentation.swagger.web.SecurityConfiguration> springfox.documentation.swagger.web.ApiResourceController.securityConfiguration()
===2018-10-08 15:18:59.310 INFO  org.springframework.web.servlet.mvc.method.annotation.RequestMappingHandlerMapping Line:549 - Mapped "{[/error]}" onto public org.springframework.http.ResponseEntity<java.util.Map<java.lang.String, java.lang.Object>> org.springframework.boot.autoconfigure.web.servlet.error.BasicErrorController.error(javax.servlet.http.HttpServletRequest)
===2018-10-08 15:18:59.311 INFO  org.springframework.web.servlet.mvc.method.annotation.RequestMappingHandlerMapping Line:549 - Mapped "{[/error],produces=[text/html]}" onto public org.springframework.web.servlet.ModelAndView org.springframework.boot.autoconfigure.web.servlet.error.BasicErrorController.errorHtml(javax.servlet.http.HttpServletRequest,javax.servlet.http.HttpServletResponse)
===2018-10-08 15:18:59.923 INFO  org.springframework.web.servlet.handler.SimpleUrlHandlerMapping Line:373 - Mapped URL path [/**/favicon.ico] onto handler of type [class org.springframework.web.servlet.resource.ResourceHttpRequestHandler]
===2018-10-08 15:19:00.262 INFO  org.springframework.web.servlet.mvc.method.annotation.RequestMappingHandlerAdapter Line:588 - Looking for @ControllerAdvice: org.springframework.web.context.support.GenericWebApplicationContext@560348e6: startup date [Mon Oct 08 15:18:56 CST 2018]; root of context hierarchy
===2018-10-08 15:19:00.321 INFO  org.springframework.web.servlet.handler.SimpleUrlHandlerMapping Line:373 - Mapped URL path [/webjars/**] onto handler of type [class org.springframework.web.servlet.resource.ResourceHttpRequestHandler]
===2018-10-08 15:19:00.321 INFO  org.springframework.web.servlet.handler.SimpleUrlHandlerMapping Line:373 - Mapped URL path [/**] onto handler of type [class org.springframework.web.servlet.resource.ResourceHttpRequestHandler]
===2018-10-08 15:19:00.809 INFO  org.springframework.context.support.DefaultLifecycleProcessor Line:356 - Starting beans in phase 2147483647
===2018-10-08 15:19:01.047 INFO  com.order.extention.OrderExtentionApplicationTests Line:59  - Started OrderExtentionApplicationTests in 5.397 seconds (JVM running for 6.371)
===2018-10-08 15:19:01.254 INFO  org.springframework.web.context.support.GenericWebApplicationContext Line:993 - Closing org.springframework.web.context.support.GenericWebApplicationContext@560348e6: startup date [Mon Oct 08 15:18:56 CST 2018]; root of context hierarchy
===2018-10-08 15:19:01.256 INFO  org.springframework.context.support.DefaultLifecycleProcessor Line:369 - Stopping beans in phase 2147483647
===2018-10-08 16:06:22.304 INFO  com.order.extention.OrderExtentionApplicationTests Line:50  - Starting OrderExtentionApplicationTests on DESKTOP-SJ98RT1 with PID 70152 (started by z in D:\ccz\workspace\order-extention)
===2018-10-08 16:06:22.307 INFO  com.order.extention.OrderExtentionApplicationTests Line:684 - The following profiles are active: dev
===2018-10-08 16:06:22.335 INFO  org.springframework.web.context.support.GenericWebApplicationContext Line:590 - Refreshing org.springframework.web.context.support.GenericWebApplicationContext@7d94beb9: startup date [Mon Oct 08 16:06:22 CST 2018]; root of context hierarchy
===2018-10-08 16:06:23.439 INFO  org.springframework.data.repository.config.RepositoryConfigurationDelegate Line:172 - Multiple Spring Data modules found, entering strict repository configuration mode!
===2018-10-08 16:06:24.082 INFO  org.springframework.context.support.PostProcessorRegistrationDelegate$BeanPostProcessorChecker Line:326 - Bean 'org.springframework.transaction.annotation.ProxyTransactionManagementConfiguration' of type [org.springframework.transaction.annotation.ProxyTransactionManagementConfiguration$$EnhancerBySpringCGLIB$$d70aea31] is not eligible for getting processed by all BeanPostProcessors (for example: not eligible for auto-proxying)
===2018-10-08 16:06:25.457 INFO  org.springframework.web.servlet.mvc.method.annotation.RequestMappingHandlerMapping Line:549 - Mapped "{[/order/getOrderCount],methods=[GET]}" onto public java.lang.Integer com.order.extention.api.OrderController.getOrderCount()
===2018-10-08 16:06:25.458 INFO  org.springframework.web.servlet.mvc.method.annotation.RequestMappingHandlerMapping Line:549 - Mapped "{[/order/getOrderList],methods=[GET]}" onto public java.util.List<java.util.Map> com.order.extention.api.OrderController.getOrderList()
===2018-10-08 16:06:25.460 INFO  org.springframework.web.servlet.mvc.method.annotation.RequestMappingHandlerMapping Line:549 - Mapped "{[/v2/api-docs],methods=[GET],produces=[application/json || application/hal+json]}" onto public org.springframework.http.ResponseEntity<springfox.documentation.spring.web.json.Json> springfox.documentation.swagger2.web.Swagger2Controller.getDocumentation(java.lang.String,javax.servlet.http.HttpServletRequest)
===2018-10-08 16:06:25.462 INFO  org.springframework.web.servlet.mvc.method.annotation.RequestMappingHandlerMapping Line:549 - Mapped "{[/swagger-resources/configuration/security]}" onto org.springframework.http.ResponseEntity<springfox.documentation.swagger.web.SecurityConfiguration> springfox.documentation.swagger.web.ApiResourceController.securityConfiguration()
===2018-10-08 16:06:25.463 INFO  org.springframework.web.servlet.mvc.method.annotation.RequestMappingHandlerMapping Line:549 - Mapped "{[/swagger-resources]}" onto org.springframework.http.ResponseEntity<java.util.List<springfox.documentation.swagger.web.SwaggerResource>> springfox.documentation.swagger.web.ApiResourceController.swaggerResources()
===2018-10-08 16:06:25.463 INFO  org.springframework.web.servlet.mvc.method.annotation.RequestMappingHandlerMapping Line:549 - Mapped "{[/swagger-resources/configuration/ui]}" onto org.springframework.http.ResponseEntity<springfox.documentation.swagger.web.UiConfiguration> springfox.documentation.swagger.web.ApiResourceController.uiConfiguration()
===2018-10-08 16:06:25.473 INFO  org.springframework.web.servlet.mvc.method.annotation.RequestMappingHandlerMapping Line:549 - Mapped "{[/error]}" onto public org.springframework.http.ResponseEntity<java.util.Map<java.lang.String, java.lang.Object>> org.springframework.boot.autoconfigure.web.servlet.error.BasicErrorController.error(javax.servlet.http.HttpServletRequest)
===2018-10-08 16:06:25.474 INFO  org.springframework.web.servlet.mvc.method.annotation.RequestMappingHandlerMapping Line:549 - Mapped "{[/error],produces=[text/html]}" onto public org.springframework.web.servlet.ModelAndView org.springframework.boot.autoconfigure.web.servlet.error.BasicErrorController.errorHtml(javax.servlet.http.HttpServletRequest,javax.servlet.http.HttpServletResponse)
===2018-10-08 16:06:25.977 INFO  org.springframework.web.servlet.handler.SimpleUrlHandlerMapping Line:373 - Mapped URL path [/**/favicon.ico] onto handler of type [class org.springframework.web.servlet.resource.ResourceHttpRequestHandler]
===2018-10-08 16:06:26.433 INFO  org.springframework.web.servlet.mvc.method.annotation.RequestMappingHandlerAdapter Line:588 - Looking for @ControllerAdvice: org.springframework.web.context.support.GenericWebApplicationContext@7d94beb9: startup date [Mon Oct 08 16:06:22 CST 2018]; root of context hierarchy
===2018-10-08 16:06:26.513 INFO  org.springframework.web.servlet.handler.SimpleUrlHandlerMapping Line:373 - Mapped URL path [/webjars/**] onto handler of type [class org.springframework.web.servlet.resource.ResourceHttpRequestHandler]
===2018-10-08 16:06:26.513 INFO  org.springframework.web.servlet.handler.SimpleUrlHandlerMapping Line:373 - Mapped URL path [/**] onto handler of type [class org.springframework.web.servlet.resource.ResourceHttpRequestHandler]
===2018-10-08 16:06:27.091 INFO  org.springframework.context.support.DefaultLifecycleProcessor Line:356 - Starting beans in phase 2147483647
===2018-10-08 16:06:27.346 INFO  com.order.extention.OrderExtentionApplicationTests Line:59  - Started OrderExtentionApplicationTests in 5.47 seconds (JVM running for 6.356)
===2018-10-08 16:06:27.560 INFO  org.springframework.web.context.support.GenericWebApplicationContext Line:993 - Closing org.springframework.web.context.support.GenericWebApplicationContext@7d94beb9: startup date [Mon Oct 08 16:06:22 CST 2018]; root of context hierarchy
===2018-10-08 16:06:27.566 INFO  org.springframework.context.support.DefaultLifecycleProcessor Line:369 - Stopping beans in phase 2147483647
===2018-10-08 20:05:12.690 INFO  com.order.extention.OrderExtentionApplicationTests Line:50  - Starting OrderExtentionApplicationTests on DESKTOP-SJ98RT1 with PID 72848 (started by z in D:\ccz\workspace\order-extention)
===2018-10-08 20:05:12.692 INFO  com.order.extention.OrderExtentionApplicationTests Line:684 - The following profiles are active: dev
===2018-10-08 20:05:12.718 INFO  org.springframework.web.context.support.GenericWebApplicationContext Line:590 - Refreshing org.springframework.web.context.support.GenericWebApplicationContext@1df8b5b8: startup date [Mon Oct 08 20:05:12 CST 2018]; root of context hierarchy
===2018-10-08 20:05:13.790 INFO  org.springframework.data.repository.config.RepositoryConfigurationDelegate Line:172 - Multiple Spring Data modules found, entering strict repository configuration mode!
===2018-10-08 20:05:14.262 INFO  org.springframework.context.support.PostProcessorRegistrationDelegate$BeanPostProcessorChecker Line:326 - Bean 'org.springframework.transaction.annotation.ProxyTransactionManagementConfiguration' of type [org.springframework.transaction.annotation.ProxyTransactionManagementConfiguration$$EnhancerBySpringCGLIB$$373d1eed] is not eligible for getting processed by all BeanPostProcessors (for example: not eligible for auto-proxying)
===2018-10-08 20:05:16.034 INFO  org.springframework.web.servlet.mvc.method.annotation.RequestMappingHandlerMapping Line:549 - Mapped "{[/order/getOrderList],methods=[GET]}" onto public java.util.List<java.util.Map> com.order.extention.api.OrderController.getOrderList()
===2018-10-08 20:05:16.035 INFO  org.springframework.web.servlet.mvc.method.annotation.RequestMappingHandlerMapping Line:549 - Mapped "{[/order/getOrderCount],methods=[GET]}" onto public java.lang.Integer com.order.extention.api.OrderController.getOrderCount()
===2018-10-08 20:05:16.038 INFO  org.springframework.web.servlet.mvc.method.annotation.RequestMappingHandlerMapping Line:549 - Mapped "{[/v2/api-docs],methods=[GET],produces=[application/json || application/hal+json]}" onto public org.springframework.http.ResponseEntity<springfox.documentation.spring.web.json.Json> springfox.documentation.swagger2.web.Swagger2Controller.getDocumentation(java.lang.String,javax.servlet.http.HttpServletRequest)
===2018-10-08 20:05:16.041 INFO  org.springframework.web.servlet.mvc.method.annotation.RequestMappingHandlerMapping Line:549 - Mapped "{[/swagger-resources]}" onto org.springframework.http.ResponseEntity<java.util.List<springfox.documentation.swagger.web.SwaggerResource>> springfox.documentation.swagger.web.ApiResourceController.swaggerResources()
===2018-10-08 20:05:16.041 INFO  org.springframework.web.servlet.mvc.method.annotation.RequestMappingHandlerMapping Line:549 - Mapped "{[/swagger-resources/configuration/ui]}" onto org.springframework.http.ResponseEntity<springfox.documentation.swagger.web.UiConfiguration> springfox.documentation.swagger.web.ApiResourceController.uiConfiguration()
===2018-10-08 20:05:16.042 INFO  org.springframework.web.servlet.mvc.method.annotation.RequestMappingHandlerMapping Line:549 - Mapped "{[/swagger-resources/configuration/security]}" onto org.springframework.http.ResponseEntity<springfox.documentation.swagger.web.SecurityConfiguration> springfox.documentation.swagger.web.ApiResourceController.securityConfiguration()
===2018-10-08 20:05:16.052 INFO  org.springframework.web.servlet.mvc.method.annotation.RequestMappingHandlerMapping Line:549 - Mapped "{[/error]}" onto public org.springframework.http.ResponseEntity<java.util.Map<java.lang.String, java.lang.Object>> org.springframework.boot.autoconfigure.web.servlet.error.BasicErrorController.error(javax.servlet.http.HttpServletRequest)
===2018-10-08 20:05:16.053 INFO  org.springframework.web.servlet.mvc.method.annotation.RequestMappingHandlerMapping Line:549 - Mapped "{[/error],produces=[text/html]}" onto public org.springframework.web.servlet.ModelAndView org.springframework.boot.autoconfigure.web.servlet.error.BasicErrorController.errorHtml(javax.servlet.http.HttpServletRequest,javax.servlet.http.HttpServletResponse)
===2018-10-08 20:05:16.510 INFO  org.springframework.web.servlet.handler.SimpleUrlHandlerMapping Line:373 - Mapped URL path [/**/favicon.ico] onto handler of type [class org.springframework.web.servlet.resource.ResourceHttpRequestHandler]
===2018-10-08 20:05:16.870 INFO  org.springframework.web.servlet.mvc.method.annotation.RequestMappingHandlerAdapter Line:588 - Looking for @ControllerAdvice: org.springframework.web.context.support.GenericWebApplicationContext@1df8b5b8: startup date [Mon Oct 08 20:05:12 CST 2018]; root of context hierarchy
===2018-10-08 20:05:16.952 INFO  org.springframework.web.servlet.handler.SimpleUrlHandlerMapping Line:373 - Mapped URL path [/webjars/**] onto handler of type [class org.springframework.web.servlet.resource.ResourceHttpRequestHandler]
===2018-10-08 20:05:16.952 INFO  org.springframework.web.servlet.handler.SimpleUrlHandlerMapping Line:373 - Mapped URL path [/**] onto handler of type [class org.springframework.web.servlet.resource.ResourceHttpRequestHandler]
===2018-10-08 20:05:17.480 INFO  org.springframework.context.support.DefaultLifecycleProcessor Line:356 - Starting beans in phase 2147483647
===2018-10-08 20:05:17.715 INFO  com.order.extention.OrderExtentionApplicationTests Line:59  - Started OrderExtentionApplicationTests in 5.419 seconds (JVM running for 6.32)
===2018-10-08 20:05:17.935 INFO  org.springframework.web.context.support.GenericWebApplicationContext Line:993 - Closing org.springframework.web.context.support.GenericWebApplicationContext@1df8b5b8: startup date [Mon Oct 08 20:05:12 CST 2018]; root of context hierarchy
===2018-10-08 20:05:17.942 INFO  org.springframework.context.support.DefaultLifecycleProcessor Line:369 - Stopping beans in phase 2147483647
