===2018-10-26 11:50:11.999 INFO  com.order.extention.OrderExtentionApplicationTests Line:50  - Starting OrderExtentionApplicationTests on DESKTOP-SJ98RT1 with PID 111524 (started by z in D:\ccz\workspace\order-extention)
===2018-10-26 11:50:12.001 INFO  com.order.extention.OrderExtentionApplicationTests Line:684 - The following profiles are active: dev
===2018-10-26 11:50:12.046 INFO  org.springframework.web.context.support.GenericWebApplicationContext Line:590 - Refreshing org.springframework.web.context.support.GenericWebApplicationContext@352ff4da: startup date [Fri Oct 26 11:50:12 CST 2018]; root of context hierarchy
===2018-10-26 11:50:13.766 INFO  org.springframework.data.repository.config.RepositoryConfigurationDelegate Line:172 - Multiple Spring Data modules found, entering strict repository configuration mode!
===2018-10-26 11:50:14.427 INFO  org.springframework.context.support.PostProcessorRegistrationDelegate$BeanPostProcessorChecker Line:326 - Bean 'org.springframework.transaction.annotation.ProxyTransactionManagementConfiguration' of type [org.springframework.transaction.annotation.ProxyTransactionManagementConfiguration$$EnhancerBySpringCGLIB$$60d080ab] is not eligible for getting processed by all BeanPostProcessors (for example: not eligible for auto-proxying)
===2018-10-26 11:50:16.304 INFO  org.springframework.web.servlet.mvc.method.annotation.RequestMappingHandlerMapping Line:549 - Mapped "{[/agentRelation/updateAgentRelation],methods=[POST]}" onto public java.lang.String com.order.extention.api.AgentRelationController.updateAgentRelation(java.lang.String)
===2018-10-26 11:50:16.316 INFO  org.springframework.web.servlet.mvc.method.annotation.RequestMappingHandlerMapping Line:549 - Mapped "{[/order/setOrderRedisByOrderCode],methods=[GET]}" onto public java.lang.String com.order.extention.api.OrderController.getOrderList(java.lang.String)
===2018-10-26 11:50:16.316 INFO  org.springframework.web.servlet.mvc.method.annotation.RequestMappingHandlerMapping Line:549 - Mapped "{[/order/getOrderList],methods=[GET]}" onto public java.util.List<java.util.Map> com.order.extention.api.OrderController.getOrderList()
===2018-10-26 11:50:16.317 INFO  org.springframework.web.servlet.mvc.method.annotation.RequestMappingHandlerMapping Line:549 - Mapped "{[/order/getOrderCount],methods=[GET]}" onto public java.lang.Integer com.order.extention.api.OrderController.getOrderCount()
===2018-10-26 11:50:16.318 INFO  org.springframework.web.servlet.mvc.method.annotation.RequestMappingHandlerMapping Line:549 - Mapped "{[/orderInfo/modifyOrderInfo],methods=[GET]}" onto public java.lang.String com.order.extention.api.OrderInfoController.modifyOrderInfo(java.lang.Integer)
===2018-10-26 11:50:16.318 INFO  org.springframework.web.servlet.mvc.method.annotation.RequestMappingHandlerMapping Line:549 - Mapped "{[/orderInfo/modifyOrderInfo2],methods=[GET]}" onto public java.lang.String com.order.extention.api.OrderInfoController.modifyOrderInfo2(java.lang.Integer)
===2018-10-26 11:50:16.324 INFO  org.springframework.web.servlet.mvc.method.annotation.RequestMappingHandlerMapping Line:549 - Mapped "{[/v2/api-docs],methods=[GET],produces=[application/json || application/hal+json]}" onto public org.springframework.http.ResponseEntity<springfox.documentation.spring.web.json.Json> springfox.documentation.swagger2.web.Swagger2Controller.getDocumentation(java.lang.String,javax.servlet.http.HttpServletRequest)
===2018-10-26 11:50:16.326 INFO  org.springframework.web.servlet.mvc.method.annotation.RequestMappingHandlerMapping Line:549 - Mapped "{[/swagger-resources/configuration/security]}" onto org.springframework.http.ResponseEntity<springfox.documentation.swagger.web.SecurityConfiguration> springfox.documentation.swagger.web.ApiResourceController.securityConfiguration()
===2018-10-26 11:50:16.327 INFO  org.springframework.web.servlet.mvc.method.annotation.RequestMappingHandlerMapping Line:549 - Mapped "{[/swagger-resources]}" onto org.springframework.http.ResponseEntity<java.util.List<springfox.documentation.swagger.web.SwaggerResource>> springfox.documentation.swagger.web.ApiResourceController.swaggerResources()
===2018-10-26 11:50:16.328 INFO  org.springframework.web.servlet.mvc.method.annotation.RequestMappingHandlerMapping Line:549 - Mapped "{[/swagger-resources/configuration/ui]}" onto org.springframework.http.ResponseEntity<springfox.documentation.swagger.web.UiConfiguration> springfox.documentation.swagger.web.ApiResourceController.uiConfiguration()
===2018-10-26 11:50:16.346 INFO  org.springframework.web.servlet.mvc.method.annotation.RequestMappingHandlerMapping Line:549 - Mapped "{[/error]}" onto public org.springframework.http.ResponseEntity<java.util.Map<java.lang.String, java.lang.Object>> org.springframework.boot.autoconfigure.web.servlet.error.BasicErrorController.error(javax.servlet.http.HttpServletRequest)
===2018-10-26 11:50:16.347 INFO  org.springframework.web.servlet.mvc.method.annotation.RequestMappingHandlerMapping Line:549 - Mapped "{[/error],produces=[text/html]}" onto public org.springframework.web.servlet.ModelAndView org.springframework.boot.autoconfigure.web.servlet.error.BasicErrorController.errorHtml(javax.servlet.http.HttpServletRequest,javax.servlet.http.HttpServletResponse)
===2018-10-26 11:50:17.360 INFO  org.springframework.web.servlet.handler.SimpleUrlHandlerMapping Line:373 - Mapped URL path [/**/favicon.ico] onto handler of type [class org.springframework.web.servlet.resource.ResourceHttpRequestHandler]
===2018-10-26 11:50:17.690 INFO  org.springframework.web.servlet.mvc.method.annotation.RequestMappingHandlerAdapter Line:588 - Looking for @ControllerAdvice: org.springframework.web.context.support.GenericWebApplicationContext@352ff4da: startup date [Fri Oct 26 11:50:12 CST 2018]; root of context hierarchy
===2018-10-26 11:50:17.756 INFO  org.springframework.web.servlet.handler.SimpleUrlHandlerMapping Line:373 - Mapped URL path [/webjars/**] onto handler of type [class org.springframework.web.servlet.resource.ResourceHttpRequestHandler]
===2018-10-26 11:50:17.756 INFO  org.springframework.web.servlet.handler.SimpleUrlHandlerMapping Line:373 - Mapped URL path [/**] onto handler of type [class org.springframework.web.servlet.resource.ResourceHttpRequestHandler]
===2018-10-26 11:50:18.328 INFO  org.springframework.context.support.DefaultLifecycleProcessor Line:356 - Starting beans in phase 2147483647
===2018-10-26 11:50:18.607 INFO  com.order.extention.OrderExtentionApplicationTests Line:59  - Started OrderExtentionApplicationTests in 7.214 seconds (JVM running for 8.475)
===2018-10-26 11:50:18.921 INFO  org.springframework.web.context.support.GenericWebApplicationContext Line:993 - Closing org.springframework.web.context.support.GenericWebApplicationContext@352ff4da: startup date [Fri Oct 26 11:50:12 CST 2018]; root of context hierarchy
===2018-10-26 11:50:18.926 INFO  org.springframework.context.support.DefaultLifecycleProcessor Line:369 - Stopping beans in phase 2147483647
===2018-10-26 11:50:53.712 INFO  com.order.extention.OrderExtentionApplicationTests Line:50  - Starting OrderExtentionApplicationTests on DESKTOP-SJ98RT1 with PID 33836 (started by z in D:\ccz\workspace\order-extention)
===2018-10-26 11:50:53.714 INFO  com.order.extention.OrderExtentionApplicationTests Line:684 - The following profiles are active: dev
===2018-10-26 11:50:53.744 INFO  org.springframework.web.context.support.GenericWebApplicationContext Line:590 - Refreshing org.springframework.web.context.support.GenericWebApplicationContext@4e928fbf: startup date [Fri Oct 26 11:50:53 CST 2018]; root of context hierarchy
===2018-10-26 11:50:54.946 INFO  org.springframework.data.repository.config.RepositoryConfigurationDelegate Line:172 - Multiple Spring Data modules found, entering strict repository configuration mode!
===2018-10-26 11:50:55.677 INFO  org.springframework.context.support.PostProcessorRegistrationDelegate$BeanPostProcessorChecker Line:326 - Bean 'org.springframework.transaction.annotation.ProxyTransactionManagementConfiguration' of type [org.springframework.transaction.annotation.ProxyTransactionManagementConfiguration$$EnhancerBySpringCGLIB$$2da77b1] is not eligible for getting processed by all BeanPostProcessors (for example: not eligible for auto-proxying)
===2018-10-26 11:50:57.354 INFO  org.springframework.web.servlet.mvc.method.annotation.RequestMappingHandlerMapping Line:549 - Mapped "{[/agentRelation/updateAgentRelation],methods=[POST]}" onto public java.lang.String com.order.extention.api.AgentRelationController.updateAgentRelation(java.lang.String)
===2018-10-26 11:50:57.358 INFO  org.springframework.web.servlet.mvc.method.annotation.RequestMappingHandlerMapping Line:549 - Mapped "{[/order/getOrderCount],methods=[GET]}" onto public java.lang.Integer com.order.extention.api.OrderController.getOrderCount()
===2018-10-26 11:50:57.359 INFO  org.springframework.web.servlet.mvc.method.annotation.RequestMappingHandlerMapping Line:549 - Mapped "{[/order/setOrderRedisByOrderCode],methods=[GET]}" onto public java.lang.String com.order.extention.api.OrderController.getOrderList(java.lang.String)
===2018-10-26 11:50:57.359 INFO  org.springframework.web.servlet.mvc.method.annotation.RequestMappingHandlerMapping Line:549 - Mapped "{[/order/getOrderList],methods=[GET]}" onto public java.util.List<java.util.Map> com.order.extention.api.OrderController.getOrderList()
===2018-10-26 11:50:57.360 INFO  org.springframework.web.servlet.mvc.method.annotation.RequestMappingHandlerMapping Line:549 - Mapped "{[/orderInfo/modifyOrderInfo2],methods=[GET]}" onto public java.lang.String com.order.extention.api.OrderInfoController.modifyOrderInfo2(java.lang.Integer)
===2018-10-26 11:50:57.360 INFO  org.springframework.web.servlet.mvc.method.annotation.RequestMappingHandlerMapping Line:549 - Mapped "{[/orderInfo/modifyOrderInfo],methods=[GET]}" onto public java.lang.String com.order.extention.api.OrderInfoController.modifyOrderInfo(java.lang.Integer)
===2018-10-26 11:50:57.363 INFO  org.springframework.web.servlet.mvc.method.annotation.RequestMappingHandlerMapping Line:549 - Mapped "{[/v2/api-docs],methods=[GET],produces=[application/json || application/hal+json]}" onto public org.springframework.http.ResponseEntity<springfox.documentation.spring.web.json.Json> springfox.documentation.swagger2.web.Swagger2Controller.getDocumentation(java.lang.String,javax.servlet.http.HttpServletRequest)
===2018-10-26 11:50:57.366 INFO  org.springframework.web.servlet.mvc.method.annotation.RequestMappingHandlerMapping Line:549 - Mapped "{[/swagger-resources/configuration/ui]}" onto org.springframework.http.ResponseEntity<springfox.documentation.swagger.web.UiConfiguration> springfox.documentation.swagger.web.ApiResourceController.uiConfiguration()
===2018-10-26 11:50:57.367 INFO  org.springframework.web.servlet.mvc.method.annotation.RequestMappingHandlerMapping Line:549 - Mapped "{[/swagger-resources]}" onto org.springframework.http.ResponseEntity<java.util.List<springfox.documentation.swagger.web.SwaggerResource>> springfox.documentation.swagger.web.ApiResourceController.swaggerResources()
===2018-10-26 11:50:57.367 INFO  org.springframework.web.servlet.mvc.method.annotation.RequestMappingHandlerMapping Line:549 - Mapped "{[/swagger-resources/configuration/security]}" onto org.springframework.http.ResponseEntity<springfox.documentation.swagger.web.SecurityConfiguration> springfox.documentation.swagger.web.ApiResourceController.securityConfiguration()
===2018-10-26 11:50:57.376 INFO  org.springframework.web.servlet.mvc.method.annotation.RequestMappingHandlerMapping Line:549 - Mapped "{[/error]}" onto public org.springframework.http.ResponseEntity<java.util.Map<java.lang.String, java.lang.Object>> org.springframework.boot.autoconfigure.web.servlet.error.BasicErrorController.error(javax.servlet.http.HttpServletRequest)
===2018-10-26 11:50:57.376 INFO  org.springframework.web.servlet.mvc.method.annotation.RequestMappingHandlerMapping Line:549 - Mapped "{[/error],produces=[text/html]}" onto public org.springframework.web.servlet.ModelAndView org.springframework.boot.autoconfigure.web.servlet.error.BasicErrorController.errorHtml(javax.servlet.http.HttpServletRequest,javax.servlet.http.HttpServletResponse)
===2018-10-26 11:50:57.832 INFO  org.springframework.web.servlet.handler.SimpleUrlHandlerMapping Line:373 - Mapped URL path [/**/favicon.ico] onto handler of type [class org.springframework.web.servlet.resource.ResourceHttpRequestHandler]
===2018-10-26 11:50:58.124 INFO  org.springframework.web.servlet.mvc.method.annotation.RequestMappingHandlerAdapter Line:588 - Looking for @ControllerAdvice: org.springframework.web.context.support.GenericWebApplicationContext@4e928fbf: startup date [Fri Oct 26 11:50:53 CST 2018]; root of context hierarchy
===2018-10-26 11:50:58.195 INFO  org.springframework.web.servlet.handler.SimpleUrlHandlerMapping Line:373 - Mapped URL path [/webjars/**] onto handler of type [class org.springframework.web.servlet.resource.ResourceHttpRequestHandler]
===2018-10-26 11:50:58.195 INFO  org.springframework.web.servlet.handler.SimpleUrlHandlerMapping Line:373 - Mapped URL path [/**] onto handler of type [class org.springframework.web.servlet.resource.ResourceHttpRequestHandler]
===2018-10-26 11:50:58.784 INFO  org.springframework.context.support.DefaultLifecycleProcessor Line:356 - Starting beans in phase 2147483647
===2018-10-26 11:50:59.050 INFO  com.order.extention.OrderExtentionApplicationTests Line:59  - Started OrderExtentionApplicationTests in 5.728 seconds (JVM running for 6.585)
===2018-10-26 11:50:59.256 INFO  org.springframework.web.context.support.GenericWebApplicationContext Line:993 - Closing org.springframework.web.context.support.GenericWebApplicationContext@4e928fbf: startup date [Fri Oct 26 11:50:53 CST 2018]; root of context hierarchy
===2018-10-26 11:50:59.259 INFO  org.springframework.context.support.DefaultLifecycleProcessor Line:369 - Stopping beans in phase 2147483647
